TN:
SF:app.jsx
FN:5,ShowQuestion
FN:6,handleAnswer
FN:15,(anonymous_2)
FN:17,(anonymous_3)
FN:24,QuestionComponent
FN:27,handleLoadQuestion
FN:33,handleReload
FN:51,App
FN:56,(anonymous_8)
FNF:9
FNH:6
FNDA:3,ShowQuestion
FNDA:0,handleAnswer
FNDA:12,(anonymous_2)
FNDA:0,(anonymous_3)
FNDA:4,QuestionComponent
FNDA:1,handleLoadQuestion
FNDA:0,handleReload
FNDA:3,App
FNDA:1,(anonymous_8)
DA:7,0
DA:8,0
DA:9,0
DA:12,3
DA:16,12
DA:17,0
DA:25,4
DA:28,1
DA:29,1
DA:30,1
DA:34,0
DA:35,0
DA:38,4
DA:39,1
DA:48,3
DA:56,3
DA:58,3
LF:17
LH:11
BRDA:38,0,0,1
BRDA:38,0,1,3
BRF:2
BRH:2
end_of_record
TN:
SF:http.jsx
FN:2,(anonymous_0)
FN:8,fetchJSON
FN:19,postJSON
FNF:3
FNH:2
FNDA:1,(anonymous_0)
FNDA:1,fetchJSON
FNDA:0,postJSON
DA:3,1
DA:4,1
DA:9,1
DA:10,1
DA:11,0
DA:12,1
DA:13,0
DA:15,1
DA:20,0
DA:28,0
DA:29,0
LF:11
LH:6
BRDA:10,0,0,0
BRDA:10,0,1,1
BRDA:12,1,0,0
BRDA:12,1,1,1
BRDA:28,2,0,0
BRDA:28,2,1,0
BRF:6
BRH:2
end_of_record
TN:
SF:useLoader.jsx
FN:3,useLoader
FN:9,reload
FNF:2
FNH:2
FNDA:3,useLoader
FNDA:1,reload
DA:4,3
DA:5,3
DA:6,3
DA:7,3
DA:10,1
DA:12,1
DA:13,1
DA:15,1
DA:17,1
DA:21,3
LF:10
LH:10
BRF:0
BRH:0
end_of_record
